<?xml version="1.0" encoding="UTF-8"?>
<!-- Generated by org.testng.reporters.JUnitReportReporter -->
<testsuite hostname="DESKTOP-S25EQOU" failures="0" tests="1" name="tests.LoginTest" time="2.849" errors="0" timestamp="2025-02-09T23:51:00 CET" skipped="0">
  <testcase classname="tests.LoginTest" name="testSuccessfulLogin" time="2.849"/>
</testsuite> <!-- tests.LoginTest -->
